Analyzing dress...                                              

warning • Unused import: 'screens/home_screen.dart' • lib/main.dart:4:8 • unused_import
warning • Unused import: 'upload_screen.dart' • lib/screens/home_screen.dart:4:8 • unused_import
   info • Use interpolation to compose strings and values • lib/screens/ootd_calendar_screen.dart:213:13 • prefer_interpolation_to_compose_strings
   info • The private field _ootds could be 'final' • lib/screens/ootd_screen.dart:19:31 • prefer_final_fields
   info • Use 'const' with the constructor to improve performance • lib/screens/ootd_screen.dart:176:15 • prefer_const_constructors
warning • Unused import: 'dart:convert' • lib/services/firebase_service.dart:2:8 • unused_import
  error • Invalid constant value • lib/services/firebase_service.dart:37:19 • invalid_constant
  error • Undefined name '_apiKey' • lib/services/firebase_service.dart:37:19 • undefined_identifier
  error • The argument type 'File' can't be assigned to the parameter type 'Uint8List' • patches/screens/upload_screen.dart:202:76 • argument_type_not_assignable
  error • 2 positional arguments expected by 'uploadImage', but 1 found • patches/screens/upload_screen.dart:202:87 • not_enough_positional_arguments
   info • The imported package 'flutter_dotenv' isn't a dependency of the importing package • patches/services/firebase_service.dart:5:8 • depend_on_referenced_packages
  error • Target of URI doesn't exist: 'package:flutter_dotenv/flutter_dotenv.dart' • patches/services/firebase_service.dart:5:8 • uri_does_not_exist
  error • Undefined name 'dotenv' • patches/services/firebase_service.dart:21:17 • undefined_identifier
  error • Undefined name 'dotenv' • patches/services/firebase_service.dart:22:16 • undefined_identifier
  error • Undefined name 'dotenv' • patches/services/firebase_service.dart:23:28 • undefined_identifier
  error • Undefined name 'dotenv' • patches/services/firebase_service.dart:24:20 • undefined_identifier
  error • Undefined name 'dotenv' • patches/services/firebase_service.dart:25:24 • undefined_identifier
  error • Undefined name 'dotenv' • patches/services/firebase_service.dart:26:21 • undefined_identifier
  error • 'MockFirebaseService.saveClothingData' ('Future<void> Function({required String? category, required String? imageUrl, required String? tags})') isn't a valid override of 'FirebaseService.saveClothingData' ('Future<void> Function({required String category, required String imageUrl, required String subCategory, required String tags})') • test/mocks/mock_firebase_service.mocks.dart:137:20 • invalid_override
warning • Unused import: 'package:dress/main.dart' • test/widget_test.dart:11:8 • unused_import
  error • The name 'MyApp' isn't a class • test/widget_test.dart:16:35 • creation_with_non_type

